<?xml version="1.0" encoding="UTF-8" ?>
<testsuite tests="4" failures="2" name="exemplo.jpa.test.PedidoCrudTest" time="34.049" errors="0" skipped="0">
  <properties>
[...]
</properties>
  <testcase classname="exemplo.jpa.test.PedidoCrudTest" name="Atualizar" time="0.063">
    <failure message="expected: java.lang.String&lt;13&gt; but was: java.lang.Integer&lt;13&gt;" type="java.lang.AssertionError">java.lang.AssertionError: expected: java.lang.String&lt;13&gt; but was: java.lang.Integer&lt;13&gt;
	at org.junit.Assert.fail(Assert.java:88)
	at org.junit.Assert.failNotEquals(Assert.java:834)
	at org.junit.Assert.assertEquals(Assert.java:118)
	at org.junit.Assert.assertEquals(Assert.java:144)
	at exemplo.jpa.test.PedidoCrudTest.Atualizar(PedidoCrudTest.java:55)
	at sun.reflect.NativeMethodAccessorImpl.invoke0(Native Method)
	at sun.reflect.NativeMethodAccessorImpl.invoke(NativeMethodAccessorImpl.java:62)
	at sun.reflect.DelegatingMethodAccessorImpl.invoke(DelegatingMethodAccessorImpl.java:43)
	at java.lang.reflect.Method.invoke(Method.java:498)
	at org.junit.runners.model.FrameworkMethod$1.runReflectiveCall(FrameworkMethod.java:50)
	at org.junit.internal.runners.model.ReflectiveCallable.run(ReflectiveCallable.java:12)
	at org.junit.runners.model.FrameworkMethod.invokeExplosively(FrameworkMethod.java:47)
	at org.junit.internal.runners.statements.InvokeMethod.evaluate(InvokeMethod.java:17)
	at org.junit.internal.runners.statements.RunBefores.evaluate(RunBefores.java:26)
	at org.junit.internal.runners.statements.RunAfters.evaluate(RunAfters.java:27)
	at org.junit.runners.ParentRunner.runLeaf(ParentRunner.java:325)
	at org.junit.runners.BlockJUnit4ClassRunner.runChild(BlockJUnit4ClassRunner.java:78)
	at org.junit.runners.BlockJUnit4ClassRunner.runChild(BlockJUnit4ClassRunner.java:57)
	at org.junit.runners.ParentRunner$3.run(ParentRunner.java:290)
	at org.junit.runners.ParentRunner$1.schedule(ParentRunner.java:71)
	at org.junit.runners.ParentRunner.runChildren(ParentRunner.java:288)
	at org.junit.runners.ParentRunner.access$000(ParentRunner.java:58)
	at org.junit.runners.ParentRunner$2.evaluate(ParentRunner.java:268)
	at org.junit.internal.runners.statements.RunBefores.evaluate(RunBefores.java:26)
	at org.junit.internal.runners.statements.RunAfters.evaluate(RunAfters.java:27)
	at org.junit.runners.ParentRunner.run(ParentRunner.java:363)
	at org.apache.maven.surefire.junit4.JUnit4TestSet.execute(JUnit4TestSet.java:53)
	at org.apache.maven.surefire.junit4.JUnit4Provider.executeTestSet(JUnit4Provider.java:123)
	at org.apache.maven.surefire.junit4.JUnit4Provider.invoke(JUnit4Provider.java:104)
	at sun.reflect.NativeMethodAccessorImpl.invoke0(Native Method)
	at sun.reflect.NativeMethodAccessorImpl.invoke(NativeMethodAccessorImpl.java:62)
	at sun.reflect.DelegatingMethodAccessorImpl.invoke(DelegatingMethodAccessorImpl.java:43)
	at java.lang.reflect.Method.invoke(Method.java:498)
	at org.apache.maven.surefire.util.ReflectionUtils.invokeMethodWithArray(ReflectionUtils.java:164)
	at org.apache.maven.surefire.booter.ProviderFactory$ProviderProxy.invoke(ProviderFactory.java:110)
	at org.apache.maven.surefire.booter.SurefireStarter.invokeProvider(SurefireStarter.java:175)
	at org.apache.maven.surefire.booter.SurefireStarter.runSuitesInProcessWhenForked(SurefireStarter.java:107)
	at org.apache.maven.surefire.booter.ForkedBooter.main(ForkedBooter.java:68)
</failure>
    <system-out>[EL Config]: connection: 2019-08-21 20:02:53.434--ServerSession(2135077268)--Connection(975521494)--Thread(Thread[main,5,main])--disconnect
[EL Info]: connection: 2019-08-21 20:02:53.434--ServerSession(2135077268)--Thread(Thread[main,5,main])--/file:/C:/Users/ALUNO/Desktop/DSC_Project2/LojaVirtual/target/classes/_lojaVirtual logout successful
[EL Config]: connection: 2019-08-21 20:02:53.434--ServerSession(2135077268)--Connection(1900971551)--Thread(Thread[main,5,main])--disconnect
[EL Fine]: moxy: 2019-08-21 20:02:53.45--Thread(Thread[main,5,main])--SAXParserFactory instance: com.sun.org.apache.xerces.internal.jaxp.SAXParserFactoryImpl@23f60b7d
[EL Fine]: server: 2019-08-21 20:02:53.45--Thread(Thread[main,5,main])--Configured server platform: org.eclipse.persistence.platform.server.NoServerPlatform
[EL Config]: metadata: 2019-08-21 20:02:53.497--ServerSession(1638335699)--Thread(Thread[main,5,main])--The target entity (reference) class for the many to many mapping element [field tamanho] is being defaulted to: class exemplo.jpa.TamanhoProduto.
[EL Config]: metadata: 2019-08-21 20:02:53.497--ServerSession(1638335699)--Thread(Thread[main,5,main])--The target entity (reference) class for the many to many mapping element [field cor] is being defaulted to: class exemplo.jpa.CorProduto.
[EL Config]: metadata: 2019-08-21 20:02:53.497--ServerSession(1638335699)--Thread(Thread[main,5,main])--The target entity (reference) class for the one to one mapping element [field tipoProduto] is being defaulted to: class exemplo.jpa.TipoProduto.
[EL Config]: metadata: 2019-08-21 20:02:53.497--ServerSession(1638335699)--Thread(Thread[main,5,main])--The target entity (reference) class for the one to many mapping element [field pedidoUsuario] is being defaulted to: class exemplo.jpa.Pedido.
[EL Config]: metadata: 2019-08-21 20:02:53.497--ServerSession(1638335699)--Thread(Thread[main,5,main])--The target entity (reference) class for the one to one mapping element [field endereco] is being defaulted to: class exemplo.jpa.EnderecoCliente.
[EL Config]: metadata: 2019-08-21 20:02:53.497--ServerSession(1638335699)--Thread(Thread[main,5,main])--The target entity (reference) class for the one to many mapping element [field imagem] is being defaulted to: class exemplo.jpa.ImagemProduto.
[EL Config]: metadata: 2019-08-21 20:02:53.497--ServerSession(1638335699)--Thread(Thread[main,5,main])--The target entity (reference) class for the many to one mapping element [field corImagem] is being defaulted to: class exemplo.jpa.CorProduto.
[EL Config]: metadata: 2019-08-21 20:02:53.497--ServerSession(1638335699)--Thread(Thread[main,5,main])--The target entity (reference) class for the many to one mapping element [field Clienteusuario] is being defaulted to: class exemplo.jpa.ClienteUsuario.
[EL Config]: metadata: 2019-08-21 20:02:53.497--ServerSession(1638335699)--Thread(Thread[main,5,main])--The target entity (reference) class for the many to many mapping element [field produto] is being defaulted to: class exemplo.jpa.Produto.
[EL Config]: metadata: 2019-08-21 20:02:53.497--ServerSession(1638335699)--Thread(Thread[main,5,main])--The alias name for the entity class [class exemplo.jpa.TipoProduto] is being defaulted to: TipoProduto.
[EL Config]: metadata: 2019-08-21 20:02:53.497--ServerSession(1638335699)--Thread(Thread[main,5,main])--The alias name for the entity class [class exemplo.jpa.Administrador] is being defaulted to: Administrador.
[EL Config]: metadata: 2019-08-21 20:02:53.497--ServerSession(1638335699)--Thread(Thread[main,5,main])--The alias name for the entity class [class exemplo.jpa.UsuarioGeral] is being defaulted to: UsuarioGeral.
[EL Config]: metadata: 2019-08-21 20:02:53.497--ServerSession(1638335699)--Thread(Thread[main,5,main])--The alias name for the entity class [class exemplo.jpa.Produto] is being defaulted to: Produto.
[EL Config]: metadata: 2019-08-21 20:02:53.497--ServerSession(1638335699)--Thread(Thread[main,5,main])--The alias name for the entity class [class exemplo.jpa.EnderecoCliente] is being defaulted to: EnderecoCliente.
[EL Config]: metadata: 2019-08-21 20:02:53.497--ServerSession(1638335699)--Thread(Thread[main,5,main])--The alias name for the entity class [class exemplo.jpa.ClienteUsuario] is being defaulted to: ClienteUsuario.
[EL Config]: metadata: 2019-08-21 20:02:53.497--ServerSession(1638335699)--Thread(Thread[main,5,main])--The alias name for the entity class [class exemplo.jpa.TamanhoProduto] is being defaulted to: TamanhoProduto.
[EL Config]: metadata: 2019-08-21 20:02:53.497--ServerSession(1638335699)--Thread(Thread[main,5,main])--The alias name for the entity class [class exemplo.jpa.CorProduto] is being defaulted to: CorProduto.
[EL Config]: metadata: 2019-08-21 20:02:53.497--ServerSession(1638335699)--Thread(Thread[main,5,main])--The alias name for the entity class [class exemplo.jpa.ImagemProduto] is being defaulted to: ImagemProduto.
[EL Config]: metadata: 2019-08-21 20:02:53.497--ServerSession(1638335699)--Thread(Thread[main,5,main])--The alias name for the entity class [class exemplo.jpa.Pedido] is being defaulted to: Pedido.
[EL Config]: metadata: 2019-08-21 20:02:53.512--ServerSession(1638335699)--Thread(Thread[main,5,main])--The source primary key column name for the many to many mapping [field tamanho] is being defaulted to: PRODUTO_ID.
[EL Config]: metadata: 2019-08-21 20:02:53.512--ServerSession(1638335699)--Thread(Thread[main,5,main])--The target primary key column name for the many to many mapping [field tamanho] is being defaulted to: TAMANHOPRODUTO_ID.
[EL Config]: metadata: 2019-08-21 20:02:53.512--ServerSession(1638335699)--Thread(Thread[main,5,main])--The source primary key column name for the many to many mapping [field cor] is being defaulted to: PRODUTO_ID.
[EL Config]: metadata: 2019-08-21 20:02:53.512--ServerSession(1638335699)--Thread(Thread[main,5,main])--The target primary key column name for the many to many mapping [field cor] is being defaulted to: CORPRODUTO_ID.
[EL Config]: metadata: 2019-08-21 20:02:53.512--ServerSession(1638335699)--Thread(Thread[main,5,main])--The source primary key column name for the many to many mapping [field produto] is being defaulted to: PEDIDO_ID.
[EL Config]: metadata: 2019-08-21 20:02:53.512--ServerSession(1638335699)--Thread(Thread[main,5,main])--The target primary key column name for the many to many mapping [field produto] is being defaulted to: PRODUTO_ID.
[EL Info]: 2019-08-21 20:02:53.512--ServerSession(1638335699)--Thread(Thread[main,5,main])--EclipseLink, version: Eclipse Persistence Services - 2.6.5.v20170607-b3d05bd
[EL Config]: connection: 2019-08-21 20:02:53.512--ServerSession(1638335699)--Connection(1663189493)--Thread(Thread[main,5,main])--connecting(DatabaseLogin(
	platform=&gt;MySQLPlatform
	user name=&gt; &quot;root&quot;
	datasource URL=&gt; &quot;jdbc:mysql://localhost:3306/lojaVirtual&quot;
))
[EL Config]: connection: 2019-08-21 20:02:53.528--ServerSession(1638335699)--Connection(810898134)--Thread(Thread[main,5,main])--Connected: jdbc:mysql://localhost:3306/lojaVirtual
	User: root@localhost
	Database: MySQL  Version: 5.7.18-log
	Driver: MySQL Connector Java  Version: mysql-connector-java-5.1.34 ( Revision: jess.balint@oracle.com-20141014163213-wqbwpf1ok2kvo1om )
[EL Warning]: metadata: 2019-08-21 20:02:53.528--ServerSession(1638335699)--Thread(Thread[main,5,main])--Reverting the lazy setting on the OneToOne or ManyToOne attribute [Clienteusuario] for the entity class [class exemplo.jpa.Pedido] since weaving was not enabled or did not occur.
[EL Warning]: metadata: 2019-08-21 20:02:53.528--ServerSession(1638335699)--Thread(Thread[main,5,main])--Reverting the lazy setting on the OneToOne or ManyToOne attribute [corImagem] for the entity class [class exemplo.jpa.ImagemProduto] since weaving was not enabled or did not occur.
[EL Info]: connection: 2019-08-21 20:02:53.544--ServerSession(1638335699)--Thread(Thread[main,5,main])--/file:/C:/Users/ALUNO/Desktop/DSC_Project2/LojaVirtual/target/classes/_lojaVirtual login successful
[EL Config]: metadata: 2019-08-21 20:02:53.544--Thread(Thread[main,5,main])--The default table generator could not locate or convert a java type (null) into a database type for database field (TB_CLIENTEUSUARIO.CLIENTE_ENDERECOFK). The generator uses &quot;java.lang.String&quot; as default java type for the field.
[EL Fine]: sql: 2019-08-21 20:02:53.544--ServerSession(1638335699)--Connection(810898134)--Thread(Thread[main,5,main])--ALTER TABLE TB_ADMUSUARIO DROP FOREIGN KEY FK_TB_ADMUSUARIO_USUARIO_ID
[EL Fine]: sql: 2019-08-21 20:02:53.622--ServerSession(1638335699)--Connection(810898134)--Thread(Thread[main,5,main])--ALTER TABLE TB_IMGPRODUTO DROP FOREIGN KEY FK_TB_IMGPRODUTO_CORIMAGEM_FK
[EL Fine]: sql: 2019-08-21 20:02:53.669--ServerSession(1638335699)--Connection(810898134)--Thread(Thread[main,5,main])--ALTER TABLE TB_PEDIDO DROP FOREIGN KEY FK_TB_PEDIDO_CLIENTE_FK
[EL Fine]: sql: 2019-08-21 20:02:53.731--ServerSession(1638335699)--Connection(810898134)--Thread(Thread[main,5,main])--ALTER TABLE TB_PRODUTO DROP FOREIGN KEY FK_TB_PRODUTO_PRODUTO_TIPOPRODUTOFK
[EL Fine]: sql: 2019-08-21 20:02:53.794--ServerSession(1638335699)--Connection(810898134)--Thread(Thread[main,5,main])--ALTER TABLE TB_CLIENTEUSUARIO DROP FOREIGN KEY FK_TB_CLIENTEUSUARIO_CLIENTE_ENDERECOFK
[EL Fine]: sql: 2019-08-21 20:02:53.825--ServerSession(1638335699)--Connection(810898134)--Thread(Thread[main,5,main])--ALTER TABLE TB_CLIENTEUSUARIO DROP FOREIGN KEY FK_TB_CLIENTEUSUARIO_USUARIO_ID
[EL Fine]: sql: 2019-08-21 20:02:53.903--ServerSession(1638335699)--Connection(810898134)--Thread(Thread[main,5,main])--ALTER TABLE TB_PEDIDO_PRODUTO DROP FOREIGN KEY FK_TB_PEDIDO_PRODUTO_PEDIDO_ID
[EL Fine]: sql: 2019-08-21 20:02:53.919--ServerSession(1638335699)--Connection(810898134)--Thread(Thread[main,5,main])--ALTER TABLE TB_PEDIDO_PRODUTO DROP FOREIGN KEY FK_TB_PEDIDO_PRODUTO_PRODUTO_ID
[EL Fine]: sql: 2019-08-21 20:02:53.981--ServerSession(1638335699)--Connection(810898134)--Thread(Thread[main,5,main])--ALTER TABLE TB_PRODUTO_COR DROP FOREIGN KEY FK_TB_PRODUTO_COR_PRODUTO_ID
[EL Fine]: sql: 2019-08-21 20:02:54.419--ServerSession(1638335699)--Connection(810898134)--Thread(Thread[main,5,main])--ALTER TABLE TB_PRODUTO_COR DROP FOREIGN KEY FK_TB_PRODUTO_COR_CORPRODUTO_ID
[EL Fine]: sql: 2019-08-21 20:02:54.794--ServerSession(1638335699)--Connection(810898134)--Thread(Thread[main,5,main])--ALTER TABLE TB_PRODUTO_TAMANHO DROP FOREIGN KEY FK_TB_PRODUTO_TAMANHO_PRODUTO_ID
[EL Fine]: sql: 2019-08-21 20:02:54.981--ServerSession(1638335699)--Connection(810898134)--Thread(Thread[main,5,main])--ALTER TABLE TB_PRODUTO_TAMANHO DROP FOREIGN KEY FK_TB_PRODUTO_TAMANHO_TAMANHOPRODUTO_ID
[EL Fine]: sql: 2019-08-21 20:02:55.106--ServerSession(1638335699)--Connection(810898134)--Thread(Thread[main,5,main])--DROP TABLE TB_USUARIOGERAL
[EL Fine]: sql: 2019-08-21 20:02:55.356--ServerSession(1638335699)--Connection(810898134)--Thread(Thread[main,5,main])--DROP TABLE TB_ADMUSUARIO
[EL Fine]: sql: 2019-08-21 20:02:55.919--ServerSession(1638335699)--Connection(810898134)--Thread(Thread[main,5,main])--DROP TABLE TB_CORPRODUTO
[EL Fine]: sql: 2019-08-21 20:02:56.122--ServerSession(1638335699)--Connection(810898134)--Thread(Thread[main,5,main])--DROP TABLE TB_ENDERECOCLIENTE
[EL Fine]: sql: 2019-08-21 20:02:56.325--ServerSession(1638335699)--Connection(810898134)--Thread(Thread[main,5,main])--DROP TABLE TB_IMGPRODUTO
[EL Fine]: sql: 2019-08-21 20:02:56.513--ServerSession(1638335699)--Connection(810898134)--Thread(Thread[main,5,main])--DROP TABLE TB_PEDIDO
[EL Fine]: sql: 2019-08-21 20:02:56.95--ServerSession(1638335699)--Connection(810898134)--Thread(Thread[main,5,main])--DROP TABLE TB_PRODUTO
[EL Fine]: sql: 2019-08-21 20:02:57.278--ServerSession(1638335699)--Connection(810898134)--Thread(Thread[main,5,main])--DROP TABLE TB_TAMANHOPRODUTO
[EL Fine]: sql: 2019-08-21 20:02:57.528--ServerSession(1638335699)--Connection(810898134)--Thread(Thread[main,5,main])--DROP TABLE TB_TIPOPRODUTO
[EL Fine]: sql: 2019-08-21 20:02:57.794--ServerSession(1638335699)--Connection(810898134)--Thread(Thread[main,5,main])--DROP TABLE TB_CLIENTEUSUARIO
[EL Fine]: sql: 2019-08-21 20:02:57.95--ServerSession(1638335699)--Connection(810898134)--Thread(Thread[main,5,main])--DROP TABLE TB_PEDIDO_PRODUTO
[EL Fine]: sql: 2019-08-21 20:02:58.45--ServerSession(1638335699)--Connection(810898134)--Thread(Thread[main,5,main])--DROP TABLE TB_PRODUTO_COR
[EL Fine]: sql: 2019-08-21 20:02:58.778--ServerSession(1638335699)--Connection(810898134)--Thread(Thread[main,5,main])--DROP TABLE TB_PRODUTO_TAMANHO
[EL Config]: metadata: 2019-08-21 20:02:59.013--Thread(Thread[main,5,main])--The default table generator could not locate or convert a java type (null) into a database type for database field (TB_CLIENTEUSUARIO.CLIENTE_ENDERECOFK). The generator uses &quot;java.lang.String&quot; as default java type for the field.
[EL Fine]: sql: 2019-08-21 20:02:59.013--ServerSession(1638335699)--Connection(810898134)--Thread(Thread[main,5,main])--CREATE TABLE TB_USUARIOGERAL (USUARIO_ID INTEGER AUTO_INCREMENT NOT NULL, USUARIO_TIPO VARCHAR(1), USUARIO_CPF VARCHAR(255), USUARIO_EMAIL VARCHAR(40), USUARIO_NOME VARCHAR(40), PRIMARY KEY (USUARIO_ID))
[EL Fine]: sql: 2019-08-21 20:02:59.341--ServerSession(1638335699)--Connection(810898134)--Thread(Thread[main,5,main])--CREATE TABLE TB_ADMUSUARIO (USUARIO_ID INTEGER NOT NULL, ADM_PERMISSAO VARCHAR(255), PRIMARY KEY (USUARIO_ID))
[EL Fine]: sql: 2019-08-21 20:03:00.06--ServerSession(1638335699)--Connection(810898134)--Thread(Thread[main,5,main])--CREATE TABLE TB_CORPRODUTO (CORPRODUTO_ID INTEGER AUTO_INCREMENT NOT NULL, CORPRODUTO_NOME VARCHAR(255), CORPRODUTO_TIPO VARCHAR(255), PRIMARY KEY (CORPRODUTO_ID))
[EL Fine]: sql: 2019-08-21 20:03:00.341--ServerSession(1638335699)--Connection(810898134)--Thread(Thread[main,5,main])--CREATE TABLE TB_ENDERECOCLIENTE (ENDERECO_ID INTEGER AUTO_INCREMENT NOT NULL, ENDERECO_BAIRRO VARCHAR(255), ENDERECO_CEP VARCHAR(255), ENDERECO_CIDADE VARCHAR(255), ENDERECO_COMPLEMENTO VARCHAR(255), ENDERECO_ESTADO VARCHAR(255), ENDERECO_NOME VARCHAR(255), ENDERECO_NUMERO VARCHAR(255), ENDERECO_PAIS VARCHAR(255), PRIMARY KEY (ENDERECO_ID))
[EL Fine]: sql: 2019-08-21 20:03:00.731--ServerSession(1638335699)--Connection(810898134)--Thread(Thread[main,5,main])--CREATE TABLE TB_IMGPRODUTO (IMGPRODUTO_ID INTEGER AUTO_INCREMENT NOT NULL, IMGPRODUTO_IMAGEM LONGBLOB, CORIMAGEM_FK INTEGER, PRIMARY KEY (IMGPRODUTO_ID))
[EL Fine]: sql: 2019-08-21 20:03:01.45--ServerSession(1638335699)--Connection(810898134)--Thread(Thread[main,5,main])--CREATE TABLE TB_PEDIDO (PEDIDO_ID INTEGER AUTO_INCREMENT NOT NULL, PEDIDO_LOG VARCHAR(255), PEDIDO_QUANTIDADE INTEGER, CLIENTE_FK INTEGER, PRIMARY KEY (PEDIDO_ID))
[EL Fine]: sql: 2019-08-21 20:03:01.872--ServerSession(1638335699)--Connection(810898134)--Thread(Thread[main,5,main])--CREATE TABLE TB_PRODUTO (PRODUTO_ID INTEGER AUTO_INCREMENT NOT NULL, PRODUTO_DESCRICAO LONGTEXT, PRODUTO_NOME VARCHAR(255), PRODUTO_PRECO DOUBLE, PRODUTO_QUANTIDADE INTEGER, PRODUTO_TIPOPRODUTOFK INTEGER, PRIMARY KEY (PRODUTO_ID))
[EL Fine]: sql: 2019-08-21 20:03:02.2--ServerSession(1638335699)--Connection(810898134)--Thread(Thread[main,5,main])--CREATE TABLE TB_TAMANHOPRODUTO (TAMANHOPRODUTO_ID INTEGER AUTO_INCREMENT NOT NULL, TAMANHOPRODUTO_ALTURA DOUBLE, TAMANHOPRODUTO_COMPRIMENTO DOUBLE, TAMANHOPRODUTO_LARGURA DOUBLE, TAMANHOPRODUTO_NOME VARCHAR(255), TAMANHOPRODUTO_TIPO VARCHAR(255), PRIMARY KEY (TAMANHOPRODUTO_ID))
[EL Fine]: sql: 2019-08-21 20:03:02.903--ServerSession(1638335699)--Connection(810898134)--Thread(Thread[main,5,main])--CREATE TABLE TB_TIPOPRODUTO (TIPOPRODUTO_ID INTEGER AUTO_INCREMENT NOT NULL, TIPOPRODUTO_NOME VARCHAR(255), PRIMARY KEY (TIPOPRODUTO_ID))
[EL Fine]: sql: 2019-08-21 20:03:03.216--ServerSession(1638335699)--Connection(810898134)--Thread(Thread[main,5,main])--CREATE TABLE TB_CLIENTEUSUARIO (USUARIO_ID INTEGER NOT NULL, CLIENTE_CELULAR VARCHAR(20), CLIENTE_DATANASCIMENTO VARCHAR(255), CLIENTE_FIXO VARCHAR(20), CLIENTE_ENDERECOFK INTEGER, PRIMARY KEY (USUARIO_ID))
[EL Fine]: sql: 2019-08-21 20:03:03.544--ServerSession(1638335699)--Connection(810898134)--Thread(Thread[main,5,main])--CREATE TABLE TB_PEDIDO_PRODUTO (PEDIDO_ID INTEGER NOT NULL, PRODUTO_ID INTEGER NOT NULL, PRIMARY KEY (PEDIDO_ID, PRODUTO_ID))
[EL Fine]: sql: 2019-08-21 20:03:04.357--ServerSession(1638335699)--Connection(810898134)--Thread(Thread[main,5,main])--CREATE TABLE TB_PRODUTO_COR (PRODUTO_ID INTEGER NOT NULL, CORPRODUTO_ID INTEGER NOT NULL, PRIMARY KEY (PRODUTO_ID, CORPRODUTO_ID))
[EL Fine]: sql: 2019-08-21 20:03:04.841--ServerSession(1638335699)--Connection(810898134)--Thread(Thread[main,5,main])--CREATE TABLE TB_PRODUTO_TAMANHO (PRODUTO_ID INTEGER NOT NULL, TAMANHOPRODUTO_ID INTEGER NOT NULL, PRIMARY KEY (PRODUTO_ID, TAMANHOPRODUTO_ID))
[EL Fine]: sql: 2019-08-21 20:03:05.419--ServerSession(1638335699)--Connection(810898134)--Thread(Thread[main,5,main])--ALTER TABLE TB_ADMUSUARIO ADD CONSTRAINT FK_TB_ADMUSUARIO_USUARIO_ID FOREIGN KEY (USUARIO_ID) REFERENCES TB_USUARIOGERAL (USUARIO_ID)
[EL Fine]: sql: 2019-08-21 20:03:07.404--ServerSession(1638335699)--Connection(810898134)--Thread(Thread[main,5,main])--ALTER TABLE TB_IMGPRODUTO ADD CONSTRAINT FK_TB_IMGPRODUTO_CORIMAGEM_FK FOREIGN KEY (CORIMAGEM_FK) REFERENCES TB_CORPRODUTO (CORPRODUTO_ID)
[EL Fine]: sql: 2019-08-21 20:03:08.919--ServerSession(1638335699)--Connection(810898134)--Thread(Thread[main,5,main])--ALTER TABLE TB_PEDIDO ADD CONSTRAINT FK_TB_PEDIDO_CLIENTE_FK FOREIGN KEY (CLIENTE_FK) REFERENCES TB_USUARIOGERAL (USUARIO_ID)
[EL Fine]: sql: 2019-08-21 20:03:10.951--ServerSession(1638335699)--Connection(810898134)--Thread(Thread[main,5,main])--ALTER TABLE TB_PRODUTO ADD CONSTRAINT FK_TB_PRODUTO_PRODUTO_TIPOPRODUTOFK FOREIGN KEY (PRODUTO_TIPOPRODUTOFK) REFERENCES TB_TIPOPRODUTO (TIPOPRODUTO_ID)
[EL Fine]: sql: 2019-08-21 20:03:12.279--ServerSession(1638335699)--Connection(810898134)--Thread(Thread[main,5,main])--ALTER TABLE TB_CLIENTEUSUARIO ADD CONSTRAINT FK_TB_CLIENTEUSUARIO_CLIENTE_ENDERECOFK FOREIGN KEY (CLIENTE_ENDERECOFK) REFERENCES TB_ENDERECOCLIENTE (ENDERECO_ID)
[EL Fine]: sql: 2019-08-21 20:03:13.404--ServerSession(1638335699)--Connection(810898134)--Thread(Thread[main,5,main])--ALTER TABLE TB_CLIENTEUSUARIO ADD CONSTRAINT FK_TB_CLIENTEUSUARIO_USUARIO_ID FOREIGN KEY (USUARIO_ID) REFERENCES TB_USUARIOGERAL (USUARIO_ID)
[EL Fine]: sql: 2019-08-21 20:03:14.217--ServerSession(1638335699)--Connection(810898134)--Thread(Thread[main,5,main])--ALTER TABLE TB_PEDIDO_PRODUTO ADD CONSTRAINT FK_TB_PEDIDO_PRODUTO_PEDIDO_ID FOREIGN KEY (PEDIDO_ID) REFERENCES TB_PEDIDO (PEDIDO_ID)
[EL Fine]: sql: 2019-08-21 20:03:15.842--ServerSession(1638335699)--Connection(810898134)--Thread(Thread[main,5,main])--ALTER TABLE TB_PEDIDO_PRODUTO ADD CONSTRAINT FK_TB_PEDIDO_PRODUTO_PRODUTO_ID FOREIGN KEY (PRODUTO_ID) REFERENCES TB_PRODUTO (PRODUTO_ID)
[EL Fine]: sql: 2019-08-21 20:03:17.061--ServerSession(1638335699)--Connection(810898134)--Thread(Thread[main,5,main])--ALTER TABLE TB_PRODUTO_COR ADD CONSTRAINT FK_TB_PRODUTO_COR_PRODUTO_ID FOREIGN KEY (PRODUTO_ID) REFERENCES TB_PRODUTO (PRODUTO_ID)
[EL Fine]: sql: 2019-08-21 20:03:18.233--ServerSession(1638335699)--Connection(810898134)--Thread(Thread[main,5,main])--ALTER TABLE TB_PRODUTO_COR ADD CONSTRAINT FK_TB_PRODUTO_COR_CORPRODUTO_ID FOREIGN KEY (CORPRODUTO_ID) REFERENCES TB_CORPRODUTO (CORPRODUTO_ID)
[EL Fine]: sql: 2019-08-21 20:03:20.483--ServerSession(1638335699)--Connection(810898134)--Thread(Thread[main,5,main])--ALTER TABLE TB_PRODUTO_TAMANHO ADD CONSTRAINT FK_TB_PRODUTO_TAMANHO_PRODUTO_ID FOREIGN KEY (PRODUTO_ID) REFERENCES TB_PRODUTO (PRODUTO_ID)
[EL Fine]: sql: 2019-08-21 20:03:22.139--ServerSession(1638335699)--Connection(810898134)--Thread(Thread[main,5,main])--ALTER TABLE TB_PRODUTO_TAMANHO ADD CONSTRAINT FK_TB_PRODUTO_TAMANHO_TAMANHOPRODUTO_ID FOREIGN KEY (TAMANHOPRODUTO_ID) REFERENCES TB_TAMANHOPRODUTO (TAMANHOPRODUTO_ID)
[EL Fine]: sql: 2019-08-21 20:03:27.467--ServerSession(1638335699)--Connection(810898134)--Thread(Thread[main,5,main])--SELECT PEDIDO_ID, PEDIDO_LOG, PEDIDO_QUANTIDADE, CLIENTE_FK FROM TB_PEDIDO WHERE (PEDIDO_ID = ?)
	bind =&gt; [1]
[EL Fine]: sql: 2019-08-21 20:03:27.483--ClientSession(2085428347)--Connection(810898134)--Thread(Thread[main,5,main])--UPDATE TB_PEDIDO SET PEDIDO_LOG = ?, PEDIDO_QUANTIDADE = ? WHERE (PEDIDO_ID = ?)
	bind =&gt; [23232323, 13, 1]
</system-out>
    <system-err>ago 21, 2019 8:03:27 PM exemplo.jpa.test.PedidoCrudTest Atualizar
INFORMAÇÕES: Executando atualizar()
</system-err>
  </testcase>
  <testcase classname="exemplo.jpa.test.PedidoCrudTest" name="atualizarMerge" time="0.047">
    <failure message="expected:&lt;13&gt; but was:&lt;500&gt;" type="java.lang.AssertionError">java.lang.AssertionError: expected:&lt;13&gt; but was:&lt;500&gt;
	at org.junit.Assert.fail(Assert.java:88)
	at org.junit.Assert.failNotEquals(Assert.java:834)
	at org.junit.Assert.assertEquals(Assert.java:118)
	at org.junit.Assert.assertEquals(Assert.java:144)
	at exemplo.jpa.test.PedidoCrudTest.atualizarMerge(PedidoCrudTest.java:78)
	at sun.reflect.NativeMethodAccessorImpl.invoke0(Native Method)
	at sun.reflect.NativeMethodAccessorImpl.invoke(NativeMethodAccessorImpl.java:62)
	at sun.reflect.DelegatingMethodAccessorImpl.invoke(DelegatingMethodAccessorImpl.java:43)
	at java.lang.reflect.Method.invoke(Method.java:498)
	at org.junit.runners.model.FrameworkMethod$1.runReflectiveCall(FrameworkMethod.java:50)
	at org.junit.internal.runners.model.ReflectiveCallable.run(ReflectiveCallable.java:12)
	at org.junit.runners.model.FrameworkMethod.invokeExplosively(FrameworkMethod.java:47)
	at org.junit.internal.runners.statements.InvokeMethod.evaluate(InvokeMethod.java:17)
	at org.junit.internal.runners.statements.RunBefores.evaluate(RunBefores.java:26)
	at org.junit.internal.runners.statements.RunAfters.evaluate(RunAfters.java:27)
	at org.junit.runners.ParentRunner.runLeaf(ParentRunner.java:325)
	at org.junit.runners.BlockJUnit4ClassRunner.runChild(BlockJUnit4ClassRunner.java:78)
	at org.junit.runners.BlockJUnit4ClassRunner.runChild(BlockJUnit4ClassRunner.java:57)
	at org.junit.runners.ParentRunner$3.run(ParentRunner.java:290)
	at org.junit.runners.ParentRunner$1.schedule(ParentRunner.java:71)
	at org.junit.runners.ParentRunner.runChildren(ParentRunner.java:288)
	at org.junit.runners.ParentRunner.access$000(ParentRunner.java:58)
	at org.junit.runners.ParentRunner$2.evaluate(ParentRunner.java:268)
	at org.junit.internal.runners.statements.RunBefores.evaluate(RunBefores.java:26)
	at org.junit.internal.runners.statements.RunAfters.evaluate(RunAfters.java:27)
	at org.junit.runners.ParentRunner.run(ParentRunner.java:363)
	at org.apache.maven.surefire.junit4.JUnit4TestSet.execute(JUnit4TestSet.java:53)
	at org.apache.maven.surefire.junit4.JUnit4Provider.executeTestSet(JUnit4Provider.java:123)
	at org.apache.maven.surefire.junit4.JUnit4Provider.invoke(JUnit4Provider.java:104)
	at sun.reflect.NativeMethodAccessorImpl.invoke0(Native Method)
	at sun.reflect.NativeMethodAccessorImpl.invoke(NativeMethodAccessorImpl.java:62)
	at sun.reflect.DelegatingMethodAccessorImpl.invoke(DelegatingMethodAccessorImpl.java:43)
	at java.lang.reflect.Method.invoke(Method.java:498)
	at org.apache.maven.surefire.util.ReflectionUtils.invokeMethodWithArray(ReflectionUtils.java:164)
	at org.apache.maven.surefire.booter.ProviderFactory$ProviderProxy.invoke(ProviderFactory.java:110)
	at org.apache.maven.surefire.booter.SurefireStarter.invokeProvider(SurefireStarter.java:175)
	at org.apache.maven.surefire.booter.SurefireStarter.runSuitesInProcessWhenForked(SurefireStarter.java:107)
	at org.apache.maven.surefire.booter.ForkedBooter.main(ForkedBooter.java:68)
</failure>
    <system-out>[EL Fine]: sql: 2019-08-21 20:03:27.53--ClientSession(267400033)--Connection(810898134)--Thread(Thread[main,5,main])--UPDATE TB_PEDIDO SET PEDIDO_LOG = ?, PEDIDO_QUANTIDADE = ? WHERE (PEDIDO_ID = ?)
	bind =&gt; [2124b1l2j41bkhj, 500, 1]
</system-out>
    <system-err>ago 21, 2019 8:03:27 PM exemplo.jpa.test.PedidoCrudTest atualizarMerge
INFORMAÇÕES: Executando atualizarMerge()
</system-err>
  </testcase>
  <testcase classname="exemplo.jpa.test.PedidoCrudTest" name="persistir" time="0.062"/>
  <testcase classname="exemplo.jpa.test.PedidoCrudTest" name="remover" time="0.079"/>
</testsuite>